  WorldDataFactory.c
c:\users\jordan.whyte\desktop\team a\trunk\jordan folder\textadventurevisualstudio\worlddatafactory.c(23): error C2220: warning treated as error - no 'object' file generated
c:\users\jordan.whyte\desktop\team a\trunk\jordan folder\textadventurevisualstudio\worlddatafactory.c(23): warning C4001: nonstandard extension 'single line comment' was used
c:\users\jordan.whyte\desktop\team a\trunk\jordan folder\textadventurevisualstudio\worlddatafactory.c(317): warning C4047: 'function': 'Room *' differs in levels of indirection from 'Room *(*)()'
c:\users\jordan.whyte\desktop\team a\trunk\jordan folder\textadventurevisualstudio\worlddatafactory.c(317): warning C4024: 'WorldData_SetRoom': different types for formal and actual parameter 3
c:\users\jordan.whyte\desktop\team a\trunk\jordan folder\textadventurevisualstudio\worlddatafactory.c(318): warning C4047: 'function': 'Room *' differs in levels of indirection from 'Room *(*)()'
c:\users\jordan.whyte\desktop\team a\trunk\jordan folder\textadventurevisualstudio\worlddatafactory.c(318): warning C4024: 'WorldData_SetRoom': different types for formal and actual parameter 3
c:\users\jordan.whyte\desktop\team a\trunk\jordan folder\textadventurevisualstudio\worlddatafactory.c(319): warning C4047: 'function': 'Room *' differs in levels of indirection from 'Room *(*)()'
c:\users\jordan.whyte\desktop\team a\trunk\jordan folder\textadventurevisualstudio\worlddatafactory.c(319): warning C4024: 'WorldData_SetRoom': different types for formal and actual parameter 3
c:\users\jordan.whyte\desktop\team a\trunk\jordan folder\textadventurevisualstudio\worlddatafactory.c(320): warning C4047: 'function': 'Room *' differs in levels of indirection from 'Room *(*)()'
c:\users\jordan.whyte\desktop\team a\trunk\jordan folder\textadventurevisualstudio\worlddatafactory.c(320): warning C4024: 'WorldData_SetRoom': different types for formal and actual parameter 3
c:\users\jordan.whyte\desktop\team a\trunk\jordan folder\textadventurevisualstudio\worlddatafactory.c(321): warning C4047: 'function': 'Room *' differs in levels of indirection from 'Room *(*)()'
c:\users\jordan.whyte\desktop\team a\trunk\jordan folder\textadventurevisualstudio\worlddatafactory.c(321): warning C4024: 'WorldData_SetRoom': different types for formal and actual parameter 3
c:\users\jordan.whyte\desktop\team a\trunk\jordan folder\textadventurevisualstudio\worlddatafactory.c(322): warning C4047: 'function': 'Room *' differs in levels of indirection from 'Room *(*)()'
c:\users\jordan.whyte\desktop\team a\trunk\jordan folder\textadventurevisualstudio\worlddatafactory.c(322): warning C4024: 'WorldData_SetRoom': different types for formal and actual parameter 3
c:\users\jordan.whyte\desktop\team a\trunk\jordan folder\textadventurevisualstudio\worlddatafactory.c(323): warning C4047: 'function': 'Room *' differs in levels of indirection from 'Room *(*)()'
c:\users\jordan.whyte\desktop\team a\trunk\jordan folder\textadventurevisualstudio\worlddatafactory.c(323): warning C4024: 'WorldData_SetRoom': different types for formal and actual parameter 3
c:\users\jordan.whyte\desktop\team a\trunk\jordan folder\textadventurevisualstudio\worlddatafactory.c(324): warning C4047: 'function': 'Room *' differs in levels of indirection from 'Room *(*)()'
c:\users\jordan.whyte\desktop\team a\trunk\jordan folder\textadventurevisualstudio\worlddatafactory.c(324): warning C4024: 'WorldData_SetRoom': different types for formal and actual parameter 3
c:\users\jordan.whyte\desktop\team a\trunk\jordan folder\textadventurevisualstudio\worlddatafactory.c(325): warning C4047: 'function': 'Room *' differs in levels of indirection from 'Room *(*)()'
c:\users\jordan.whyte\desktop\team a\trunk\jordan folder\textadventurevisualstudio\worlddatafactory.c(325): warning C4024: 'WorldData_SetRoom': different types for formal and actual parameter 3
c:\users\jordan.whyte\desktop\team a\trunk\jordan folder\textadventurevisualstudio\worlddatafactory.c(326): warning C4047: 'function': 'Room *' differs in levels of indirection from 'Room *(*)()'
c:\users\jordan.whyte\desktop\team a\trunk\jordan folder\textadventurevisualstudio\worlddatafactory.c(326): warning C4024: 'WorldData_SetRoom': different types for formal and actual parameter 3
c:\users\jordan.whyte\desktop\team a\trunk\jordan folder\textadventurevisualstudio\worlddatafactory.c(327): warning C4047: 'function': 'Room *' differs in levels of indirection from 'Room *(*)()'
c:\users\jordan.whyte\desktop\team a\trunk\jordan folder\textadventurevisualstudio\worlddatafactory.c(327): warning C4024: 'WorldData_SetRoom': different types for formal and actual parameter 3
  WorldData.c
  UseCommandHandler.c
  TakeCommandHandler.c
  stdafx.c
  RoomExit.c
  Room.c
  QuitCommandHandler.c
  LookCommandHandler.c
  ItemList.c
  Item.c
  InventoryCommandHandler.c
  InputProvider.c
  HelpCommandHandler.c
  GoldPieceFunctions.c
  GoCommandHandler.c
  GameStateFactory.c
  GameState.c
  GameFlags.c
  ExitDoorFunctions.c
  Generating Code...
  Compiling...
  EggFunctions.c
  DropCommandHandler.c
  CommandList.c
  CommandHandler.c
  BrickFunctions.c
  MEDKITFunctions.c
c:\users\jordan.whyte\desktop\team a\trunk\jordan folder\textadventurevisualstudio\medkitfunctions.c(35): error C2220: warning treated as error - no 'object' file generated
c:\users\jordan.whyte\desktop\team a\trunk\jordan folder\textadventurevisualstudio\medkitfunctions.c(35): warning C4100: 'gameState': unreferenced formal parameter
  main.c
  FuseFunctions.c
c:\users\jordan.whyte\desktop\team a\trunk\jordan folder\textadventurevisualstudio\fusefunctions.c(28): error C2220: warning treated as error - no 'object' file generated
c:\users\jordan.whyte\desktop\team a\trunk\jordan folder\textadventurevisualstudio\fusefunctions.c(28): warning C4001: nonstandard extension 'single line comment' was used
  FlashLightFuctions.c
c:\users\jordan.whyte\desktop\team a\trunk\jordan folder\textadventurevisualstudio\flashlightfuctions.c(28): error C2220: warning treated as error - no 'object' file generated
c:\users\jordan.whyte\desktop\team a\trunk\jordan folder\textadventurevisualstudio\flashlightfuctions.c(28): warning C4001: nonstandard extension 'single line comment' was used
  CommandListFactory.c
  Generating Code...
